<?xml version="1.0" encoding="UTF-8"?>
<!-- Generated by org.testng.reporters.JUnitReportReporter -->
<testsuite hostname="WIN-MPNKU54F1BB" name="com.qihoo.browser.test.main.AdTest" tests="7" failures="0" timestamp="28 Aug 2017 04:17:46 GMT" time="3.050" errors="0">
  <testcase name="testNewslistdown" time="0.000" classname="com.qihoo.browser.test.main.AdTest"/>
  <testcase name="testVideolistup" time="0.001" classname="com.qihoo.browser.test.main.AdTest"/>
  <testcase name="testNewslistup" time="0.000" classname="com.qihoo.browser.test.main.AdTest"/>
  <testcase name="testVideodetail" time="0.001" classname="com.qihoo.browser.test.main.AdTest"/>
  <testcase name="testNewsdetail" time="3.043" classname="com.qihoo.browser.test.main.AdTest"/>
  <testcase name="testVideolistdown" time="0.000" classname="com.qihoo.browser.test.main.AdTest"/>
  <testcase name="testMainpageAd" time="0.005" classname="com.qihoo.browser.test.main.AdTest"/>
</testsuite> <!-- com.qihoo.browser.test.main.AdTest -->
