<?xml version="1.0" encoding="UTF-8"?>
<!-- Generated by org.testng.reporters.JUnitReportReporter -->
<testsuite hostname="WIN-MPNKU54F1BB" name="com.qihoo.browser.test.yuxuguang.NewTest" tests="1" failures="0" timestamp="31 Mar 2017 12:19:38 GMT" time="48.951" errors="0">
  <testcase name="case1" time="48.951" classname="com.qihoo.browser.test.yuxuguang.NewTest"/>
</testsuite> <!-- com.qihoo.browser.test.yuxuguang.NewTest -->
