<?xml version="1.0" encoding="UTF-8"?>
<!-- Generated by org.testng.reporters.JUnitReportReporter -->
<testsuite hostname="WIN-MPNKU54F1BB" name="com.qihoo.browser.test.yuxuguang.NewTest1" tests="1" failures="0" timestamp="12 Jul 2017 07:36:37 GMT" time="3.020" errors="0">
  <testcase name="f" time="3.020" classname="com.qihoo.browser.test.yuxuguang.NewTest1"/>
</testsuite> <!-- com.qihoo.browser.test.yuxuguang.NewTest1 -->
