<?xml version="1.0" encoding="UTF-8"?>
<!-- Generated by org.testng.reporters.JUnitReportReporter -->
<testsuite hostname="WIN-MPNKU54F1BB" name="com.qihoo.browser.test.yuxuguang.NewTest1" tests="1" failures="0" timestamp="31 Mar 2017 10:03:23 GMT" time="0.270" errors="0">
  <testcase name="f" time="0.270" classname="com.qihoo.browser.test.yuxuguang.NewTest1"/>
</testsuite> <!-- com.qihoo.browser.test.yuxuguang.NewTest1 -->
