<?xml version="1.0" encoding="UTF-8"?>
<!-- Generated by org.testng.reporters.JUnitReportReporter -->
<testsuite hostname="WIN-MPNKU54F1BB" name="com.qihoo.browser.test.yuxuguang.PerformanceTest" tests="8" failures="0" timestamp="12 Jul 2017 06:24:09 GMT" time="1775.876" errors="0">
  <testcase name="case3" time="168.819" classname="com.qihoo.browser.test.yuxuguang.PerformanceTest"/>
  <testcase name="case4" time="366.161" classname="com.qihoo.browser.test.yuxuguang.PerformanceTest"/>
  <testcase name="case6" time="144.477" classname="com.qihoo.browser.test.yuxuguang.PerformanceTest"/>
  <testcase name="case1" time="91.133" classname="com.qihoo.browser.test.yuxuguang.PerformanceTest"/>
  <testcase name="case5" time="281.202" classname="com.qihoo.browser.test.yuxuguang.PerformanceTest"/>
  <testcase name="case2" time="386.557" classname="com.qihoo.browser.test.yuxuguang.PerformanceTest"/>
  <testcase name="case7" time="225.732" classname="com.qihoo.browser.test.yuxuguang.PerformanceTest"/>
  <testcase name="case8" time="111.795" classname="com.qihoo.browser.test.yuxuguang.PerformanceTest"/>
</testsuite> <!-- com.qihoo.browser.test.yuxuguang.PerformanceTest -->
