<?xml version="1.0" encoding="UTF-8"?>
<!-- Generated by org.testng.reporters.JUnitReportReporter -->
<testsuite hostname="WIN-MPNKU54F1BB" name="com.qihoo.browser.test.main.PerformanceTest" tests="8" failures="0" timestamp="13 Jul 2017 12:33:55 GMT" time="0.003" errors="8">
  <testcase name="case2" time="0.000" classname="com.qihoo.browser.test.main.PerformanceTest">
    <error type="org.openqa.selenium.SessionNotCreatedException" message="A new session could not be created. Details: Problem getting session data for driver type AndroidDriver; does it implement &#039;get driverData&#039;? (WARNING: The server did not provide any stacktrace information)
Command duration or timeout: 129 milliseconds
Build info: version: &#039;2.53.1&#039;, revision: &#039;a36b8b1cd5757287168e54b817830adce9b0158d&#039;, time: &#039;2016-06-30 19:26:09&#039;
System info: host: &#039;WIN-MPNKU54F1BB&#039;, ip: &#039;10.19.3.10&#039;, os.name: &#039;Windows 10&#039;, os.arch: &#039;amd64&#039;, os.version: &#039;10.0&#039;, java.version: &#039;1.8.0_121&#039;
Driver info: io.appium.java_client.android.AndroidDriver">
      <![CDATA[org.openqa.selenium.SessionNotCreatedException: A new session could not be created. Details: Problem getting session data for driver type AndroidDriver; does it implement 'get driverData'? (WARNING: The server did not provide any stacktrace information)
Command duration or timeout: 129 milliseconds
Build info: version: '2.53.1', revision: 'a36b8b1cd5757287168e54b817830adce9b0158d', time: '2016-06-30 19:26:09'
System info: host: 'WIN-MPNKU54F1BB', ip: '10.19.3.10', os.name: 'Windows 10', os.arch: 'amd64', os.version: '10.0', java.version: '1.8.0_121'
Driver info: io.appium.java_client.android.AndroidDriver
	at sun.reflect.NativeConstructorAccessorImpl.newInstance0(Native Method)
	at sun.reflect.NativeConstructorAccessorImpl.newInstance(Unknown Source)
	at sun.reflect.DelegatingConstructorAccessorImpl.newInstance(Unknown Source)
	at java.lang.reflect.Constructor.newInstance(Unknown Source)
	at org.openqa.selenium.remote.ErrorHandler.createThrowable(ErrorHandler.java:206)
	at org.openqa.selenium.remote.ErrorHandler.throwIfResponseFailed(ErrorHandler.java:158)
	at org.openqa.selenium.remote.RemoteWebDriver.execute(RemoteWebDriver.java:678)
	at io.appium.java_client.DefaultGenericMobileDriver.execute(DefaultGenericMobileDriver.java:40)
	at io.appium.java_client.AppiumDriver.execute(AppiumDriver.java:1)
	at io.appium.java_client.android.AndroidDriver.execute(AndroidDriver.java:1)
	at org.openqa.selenium.remote.RemoteWebDriver.startSession(RemoteWebDriver.java:249)
	at org.openqa.selenium.remote.RemoteWebDriver.<init>(RemoteWebDriver.java:131)
	at org.openqa.selenium.remote.RemoteWebDriver.<init>(RemoteWebDriver.java:144)
	at io.appium.java_client.DefaultGenericMobileDriver.<init>(DefaultGenericMobileDriver.java:36)
	at io.appium.java_client.AppiumDriver.<init>(AppiumDriver.java:114)
	at io.appium.java_client.AppiumDriver.<init>(AppiumDriver.java:132)
	at io.appium.java_client.android.AndroidDriver.<init>(AndroidDriver.java:92)
	at com.qihoo.browser.test.main.PerformanceTest.beforeClass(PerformanceTest.java:292)
	at sun.reflect.NativeMethodAccessorImpl.invoke0(Native Method)
	at sun.reflect.NativeMethodAccessorImpl.invoke(Unknown Source)
	at sun.reflect.DelegatingMethodAccessorImpl.invoke(Unknown Source)
	at java.lang.reflect.Method.invoke(Unknown Source)
	at org.testng.internal.MethodInvocationHelper.invokeMethod(MethodInvocationHelper.java:85)
	at org.testng.internal.Invoker.invokeConfigurationMethod(Invoker.java:510)
	at org.testng.internal.Invoker.invokeConfigurations(Invoker.java:211)
	at org.testng.internal.Invoker.invokeConfigurations(Invoker.java:138)
	at org.testng.internal.TestMethodWorker.invokeBeforeClassMethods(TestMethodWorker.java:170)
	at org.testng.internal.TestMethodWorker.run(TestMethodWorker.java:104)
	at org.testng.TestRunner.privateRun(TestRunner.java:774)
	at org.testng.TestRunner.run(TestRunner.java:624)
	at org.testng.SuiteRunner.runTest(SuiteRunner.java:359)
	at org.testng.SuiteRunner.runSequentially(SuiteRunner.java:354)
	at org.testng.SuiteRunner.privateRun(SuiteRunner.java:312)
	at org.testng.SuiteRunner.run(SuiteRunner.java:261)
	at org.testng.SuiteRunnerWorker.runSuite(SuiteRunnerWorker.java:52)
	at org.testng.SuiteRunnerWorker.run(SuiteRunnerWorker.java:86)
	at org.testng.TestNG.runSuitesSequentially(TestNG.java:1191)
	at org.testng.TestNG.runSuitesLocally(TestNG.java:1116)
	at org.testng.TestNG.run(TestNG.java:1024)
	at org.testng.remote.RemoteTestNG.run(RemoteTestNG.java:112)
	at org.testng.remote.RemoteTestNG.initAndRun(RemoteTestNG.java:205)
	at org.testng.remote.RemoteTestNG.main(RemoteTestNG.java:176)
]]>
    </error>
  </testcase> <!-- case2 -->
  <testcase name="case3" time="0.000" classname="com.qihoo.browser.test.main.PerformanceTest">
    <error type="org.openqa.selenium.SessionNotCreatedException" message="A new session could not be created. Details: Problem getting session data for driver type AndroidDriver; does it implement &#039;get driverData&#039;? (WARNING: The server did not provide any stacktrace information)
Command duration or timeout: 129 milliseconds
Build info: version: &#039;2.53.1&#039;, revision: &#039;a36b8b1cd5757287168e54b817830adce9b0158d&#039;, time: &#039;2016-06-30 19:26:09&#039;
System info: host: &#039;WIN-MPNKU54F1BB&#039;, ip: &#039;10.19.3.10&#039;, os.name: &#039;Windows 10&#039;, os.arch: &#039;amd64&#039;, os.version: &#039;10.0&#039;, java.version: &#039;1.8.0_121&#039;
Driver info: io.appium.java_client.android.AndroidDriver">
      <![CDATA[org.openqa.selenium.SessionNotCreatedException: A new session could not be created. Details: Problem getting session data for driver type AndroidDriver; does it implement 'get driverData'? (WARNING: The server did not provide any stacktrace information)
Command duration or timeout: 129 milliseconds
Build info: version: '2.53.1', revision: 'a36b8b1cd5757287168e54b817830adce9b0158d', time: '2016-06-30 19:26:09'
System info: host: 'WIN-MPNKU54F1BB', ip: '10.19.3.10', os.name: 'Windows 10', os.arch: 'amd64', os.version: '10.0', java.version: '1.8.0_121'
Driver info: io.appium.java_client.android.AndroidDriver
	at sun.reflect.NativeConstructorAccessorImpl.newInstance0(Native Method)
	at sun.reflect.NativeConstructorAccessorImpl.newInstance(Unknown Source)
	at sun.reflect.DelegatingConstructorAccessorImpl.newInstance(Unknown Source)
	at java.lang.reflect.Constructor.newInstance(Unknown Source)
	at org.openqa.selenium.remote.ErrorHandler.createThrowable(ErrorHandler.java:206)
	at org.openqa.selenium.remote.ErrorHandler.throwIfResponseFailed(ErrorHandler.java:158)
	at org.openqa.selenium.remote.RemoteWebDriver.execute(RemoteWebDriver.java:678)
	at io.appium.java_client.DefaultGenericMobileDriver.execute(DefaultGenericMobileDriver.java:40)
	at io.appium.java_client.AppiumDriver.execute(AppiumDriver.java:1)
	at io.appium.java_client.android.AndroidDriver.execute(AndroidDriver.java:1)
	at org.openqa.selenium.remote.RemoteWebDriver.startSession(RemoteWebDriver.java:249)
	at org.openqa.selenium.remote.RemoteWebDriver.<init>(RemoteWebDriver.java:131)
	at org.openqa.selenium.remote.RemoteWebDriver.<init>(RemoteWebDriver.java:144)
	at io.appium.java_client.DefaultGenericMobileDriver.<init>(DefaultGenericMobileDriver.java:36)
	at io.appium.java_client.AppiumDriver.<init>(AppiumDriver.java:114)
	at io.appium.java_client.AppiumDriver.<init>(AppiumDriver.java:132)
	at io.appium.java_client.android.AndroidDriver.<init>(AndroidDriver.java:92)
	at com.qihoo.browser.test.main.PerformanceTest.beforeClass(PerformanceTest.java:292)
	at sun.reflect.NativeMethodAccessorImpl.invoke0(Native Method)
	at sun.reflect.NativeMethodAccessorImpl.invoke(Unknown Source)
	at sun.reflect.DelegatingMethodAccessorImpl.invoke(Unknown Source)
	at java.lang.reflect.Method.invoke(Unknown Source)
	at org.testng.internal.MethodInvocationHelper.invokeMethod(MethodInvocationHelper.java:85)
	at org.testng.internal.Invoker.invokeConfigurationMethod(Invoker.java:510)
	at org.testng.internal.Invoker.invokeConfigurations(Invoker.java:211)
	at org.testng.internal.Invoker.invokeConfigurations(Invoker.java:138)
	at org.testng.internal.TestMethodWorker.invokeBeforeClassMethods(TestMethodWorker.java:170)
	at org.testng.internal.TestMethodWorker.run(TestMethodWorker.java:104)
	at org.testng.TestRunner.privateRun(TestRunner.java:774)
	at org.testng.TestRunner.run(TestRunner.java:624)
	at org.testng.SuiteRunner.runTest(SuiteRunner.java:359)
	at org.testng.SuiteRunner.runSequentially(SuiteRunner.java:354)
	at org.testng.SuiteRunner.privateRun(SuiteRunner.java:312)
	at org.testng.SuiteRunner.run(SuiteRunner.java:261)
	at org.testng.SuiteRunnerWorker.runSuite(SuiteRunnerWorker.java:52)
	at org.testng.SuiteRunnerWorker.run(SuiteRunnerWorker.java:86)
	at org.testng.TestNG.runSuitesSequentially(TestNG.java:1191)
	at org.testng.TestNG.runSuitesLocally(TestNG.java:1116)
	at org.testng.TestNG.run(TestNG.java:1024)
	at org.testng.remote.RemoteTestNG.run(RemoteTestNG.java:112)
	at org.testng.remote.RemoteTestNG.initAndRun(RemoteTestNG.java:205)
	at org.testng.remote.RemoteTestNG.main(RemoteTestNG.java:176)
]]>
    </error>
  </testcase> <!-- case3 -->
  <testcase name="case1" time="0.001" classname="com.qihoo.browser.test.main.PerformanceTest">
    <error type="org.openqa.selenium.SessionNotCreatedException" message="A new session could not be created. Details: Problem getting session data for driver type AndroidDriver; does it implement &#039;get driverData&#039;? (WARNING: The server did not provide any stacktrace information)
Command duration or timeout: 129 milliseconds
Build info: version: &#039;2.53.1&#039;, revision: &#039;a36b8b1cd5757287168e54b817830adce9b0158d&#039;, time: &#039;2016-06-30 19:26:09&#039;
System info: host: &#039;WIN-MPNKU54F1BB&#039;, ip: &#039;10.19.3.10&#039;, os.name: &#039;Windows 10&#039;, os.arch: &#039;amd64&#039;, os.version: &#039;10.0&#039;, java.version: &#039;1.8.0_121&#039;
Driver info: io.appium.java_client.android.AndroidDriver">
      <![CDATA[org.openqa.selenium.SessionNotCreatedException: A new session could not be created. Details: Problem getting session data for driver type AndroidDriver; does it implement 'get driverData'? (WARNING: The server did not provide any stacktrace information)
Command duration or timeout: 129 milliseconds
Build info: version: '2.53.1', revision: 'a36b8b1cd5757287168e54b817830adce9b0158d', time: '2016-06-30 19:26:09'
System info: host: 'WIN-MPNKU54F1BB', ip: '10.19.3.10', os.name: 'Windows 10', os.arch: 'amd64', os.version: '10.0', java.version: '1.8.0_121'
Driver info: io.appium.java_client.android.AndroidDriver
	at sun.reflect.NativeConstructorAccessorImpl.newInstance0(Native Method)
	at sun.reflect.NativeConstructorAccessorImpl.newInstance(Unknown Source)
	at sun.reflect.DelegatingConstructorAccessorImpl.newInstance(Unknown Source)
	at java.lang.reflect.Constructor.newInstance(Unknown Source)
	at org.openqa.selenium.remote.ErrorHandler.createThrowable(ErrorHandler.java:206)
	at org.openqa.selenium.remote.ErrorHandler.throwIfResponseFailed(ErrorHandler.java:158)
	at org.openqa.selenium.remote.RemoteWebDriver.execute(RemoteWebDriver.java:678)
	at io.appium.java_client.DefaultGenericMobileDriver.execute(DefaultGenericMobileDriver.java:40)
	at io.appium.java_client.AppiumDriver.execute(AppiumDriver.java:1)
	at io.appium.java_client.android.AndroidDriver.execute(AndroidDriver.java:1)
	at org.openqa.selenium.remote.RemoteWebDriver.startSession(RemoteWebDriver.java:249)
	at org.openqa.selenium.remote.RemoteWebDriver.<init>(RemoteWebDriver.java:131)
	at org.openqa.selenium.remote.RemoteWebDriver.<init>(RemoteWebDriver.java:144)
	at io.appium.java_client.DefaultGenericMobileDriver.<init>(DefaultGenericMobileDriver.java:36)
	at io.appium.java_client.AppiumDriver.<init>(AppiumDriver.java:114)
	at io.appium.java_client.AppiumDriver.<init>(AppiumDriver.java:132)
	at io.appium.java_client.android.AndroidDriver.<init>(AndroidDriver.java:92)
	at com.qihoo.browser.test.main.PerformanceTest.beforeClass(PerformanceTest.java:292)
	at sun.reflect.NativeMethodAccessorImpl.invoke0(Native Method)
	at sun.reflect.NativeMethodAccessorImpl.invoke(Unknown Source)
	at sun.reflect.DelegatingMethodAccessorImpl.invoke(Unknown Source)
	at java.lang.reflect.Method.invoke(Unknown Source)
	at org.testng.internal.MethodInvocationHelper.invokeMethod(MethodInvocationHelper.java:85)
	at org.testng.internal.Invoker.invokeConfigurationMethod(Invoker.java:510)
	at org.testng.internal.Invoker.invokeConfigurations(Invoker.java:211)
	at org.testng.internal.Invoker.invokeConfigurations(Invoker.java:138)
	at org.testng.internal.TestMethodWorker.invokeBeforeClassMethods(TestMethodWorker.java:170)
	at org.testng.internal.TestMethodWorker.run(TestMethodWorker.java:104)
	at org.testng.TestRunner.privateRun(TestRunner.java:774)
	at org.testng.TestRunner.run(TestRunner.java:624)
	at org.testng.SuiteRunner.runTest(SuiteRunner.java:359)
	at org.testng.SuiteRunner.runSequentially(SuiteRunner.java:354)
	at org.testng.SuiteRunner.privateRun(SuiteRunner.java:312)
	at org.testng.SuiteRunner.run(SuiteRunner.java:261)
	at org.testng.SuiteRunnerWorker.runSuite(SuiteRunnerWorker.java:52)
	at org.testng.SuiteRunnerWorker.run(SuiteRunnerWorker.java:86)
	at org.testng.TestNG.runSuitesSequentially(TestNG.java:1191)
	at org.testng.TestNG.runSuitesLocally(TestNG.java:1116)
	at org.testng.TestNG.run(TestNG.java:1024)
	at org.testng.remote.RemoteTestNG.run(RemoteTestNG.java:112)
	at org.testng.remote.RemoteTestNG.initAndRun(RemoteTestNG.java:205)
	at org.testng.remote.RemoteTestNG.main(RemoteTestNG.java:176)
]]>
    </error>
  </testcase> <!-- case1 -->
  <testcase name="case5" time="0.001" classname="com.qihoo.browser.test.main.PerformanceTest">
    <error type="org.openqa.selenium.SessionNotCreatedException" message="A new session could not be created. Details: Problem getting session data for driver type AndroidDriver; does it implement &#039;get driverData&#039;? (WARNING: The server did not provide any stacktrace information)
Command duration or timeout: 129 milliseconds
Build info: version: &#039;2.53.1&#039;, revision: &#039;a36b8b1cd5757287168e54b817830adce9b0158d&#039;, time: &#039;2016-06-30 19:26:09&#039;
System info: host: &#039;WIN-MPNKU54F1BB&#039;, ip: &#039;10.19.3.10&#039;, os.name: &#039;Windows 10&#039;, os.arch: &#039;amd64&#039;, os.version: &#039;10.0&#039;, java.version: &#039;1.8.0_121&#039;
Driver info: io.appium.java_client.android.AndroidDriver">
      <![CDATA[org.openqa.selenium.SessionNotCreatedException: A new session could not be created. Details: Problem getting session data for driver type AndroidDriver; does it implement 'get driverData'? (WARNING: The server did not provide any stacktrace information)
Command duration or timeout: 129 milliseconds
Build info: version: '2.53.1', revision: 'a36b8b1cd5757287168e54b817830adce9b0158d', time: '2016-06-30 19:26:09'
System info: host: 'WIN-MPNKU54F1BB', ip: '10.19.3.10', os.name: 'Windows 10', os.arch: 'amd64', os.version: '10.0', java.version: '1.8.0_121'
Driver info: io.appium.java_client.android.AndroidDriver
	at sun.reflect.NativeConstructorAccessorImpl.newInstance0(Native Method)
	at sun.reflect.NativeConstructorAccessorImpl.newInstance(Unknown Source)
	at sun.reflect.DelegatingConstructorAccessorImpl.newInstance(Unknown Source)
	at java.lang.reflect.Constructor.newInstance(Unknown Source)
	at org.openqa.selenium.remote.ErrorHandler.createThrowable(ErrorHandler.java:206)
	at org.openqa.selenium.remote.ErrorHandler.throwIfResponseFailed(ErrorHandler.java:158)
	at org.openqa.selenium.remote.RemoteWebDriver.execute(RemoteWebDriver.java:678)
	at io.appium.java_client.DefaultGenericMobileDriver.execute(DefaultGenericMobileDriver.java:40)
	at io.appium.java_client.AppiumDriver.execute(AppiumDriver.java:1)
	at io.appium.java_client.android.AndroidDriver.execute(AndroidDriver.java:1)
	at org.openqa.selenium.remote.RemoteWebDriver.startSession(RemoteWebDriver.java:249)
	at org.openqa.selenium.remote.RemoteWebDriver.<init>(RemoteWebDriver.java:131)
	at org.openqa.selenium.remote.RemoteWebDriver.<init>(RemoteWebDriver.java:144)
	at io.appium.java_client.DefaultGenericMobileDriver.<init>(DefaultGenericMobileDriver.java:36)
	at io.appium.java_client.AppiumDriver.<init>(AppiumDriver.java:114)
	at io.appium.java_client.AppiumDriver.<init>(AppiumDriver.java:132)
	at io.appium.java_client.android.AndroidDriver.<init>(AndroidDriver.java:92)
	at com.qihoo.browser.test.main.PerformanceTest.beforeClass(PerformanceTest.java:292)
	at sun.reflect.NativeMethodAccessorImpl.invoke0(Native Method)
	at sun.reflect.NativeMethodAccessorImpl.invoke(Unknown Source)
	at sun.reflect.DelegatingMethodAccessorImpl.invoke(Unknown Source)
	at java.lang.reflect.Method.invoke(Unknown Source)
	at org.testng.internal.MethodInvocationHelper.invokeMethod(MethodInvocationHelper.java:85)
	at org.testng.internal.Invoker.invokeConfigurationMethod(Invoker.java:510)
	at org.testng.internal.Invoker.invokeConfigurations(Invoker.java:211)
	at org.testng.internal.Invoker.invokeConfigurations(Invoker.java:138)
	at org.testng.internal.TestMethodWorker.invokeBeforeClassMethods(TestMethodWorker.java:170)
	at org.testng.internal.TestMethodWorker.run(TestMethodWorker.java:104)
	at org.testng.TestRunner.privateRun(TestRunner.java:774)
	at org.testng.TestRunner.run(TestRunner.java:624)
	at org.testng.SuiteRunner.runTest(SuiteRunner.java:359)
	at org.testng.SuiteRunner.runSequentially(SuiteRunner.java:354)
	at org.testng.SuiteRunner.privateRun(SuiteRunner.java:312)
	at org.testng.SuiteRunner.run(SuiteRunner.java:261)
	at org.testng.SuiteRunnerWorker.runSuite(SuiteRunnerWorker.java:52)
	at org.testng.SuiteRunnerWorker.run(SuiteRunnerWorker.java:86)
	at org.testng.TestNG.runSuitesSequentially(TestNG.java:1191)
	at org.testng.TestNG.runSuitesLocally(TestNG.java:1116)
	at org.testng.TestNG.run(TestNG.java:1024)
	at org.testng.remote.RemoteTestNG.run(RemoteTestNG.java:112)
	at org.testng.remote.RemoteTestNG.initAndRun(RemoteTestNG.java:205)
	at org.testng.remote.RemoteTestNG.main(RemoteTestNG.java:176)
]]>
    </error>
  </testcase> <!-- case5 -->
  <testcase name="case4" time="0.000" classname="com.qihoo.browser.test.main.PerformanceTest">
    <error type="org.openqa.selenium.SessionNotCreatedException" message="A new session could not be created. Details: Problem getting session data for driver type AndroidDriver; does it implement &#039;get driverData&#039;? (WARNING: The server did not provide any stacktrace information)
Command duration or timeout: 129 milliseconds
Build info: version: &#039;2.53.1&#039;, revision: &#039;a36b8b1cd5757287168e54b817830adce9b0158d&#039;, time: &#039;2016-06-30 19:26:09&#039;
System info: host: &#039;WIN-MPNKU54F1BB&#039;, ip: &#039;10.19.3.10&#039;, os.name: &#039;Windows 10&#039;, os.arch: &#039;amd64&#039;, os.version: &#039;10.0&#039;, java.version: &#039;1.8.0_121&#039;
Driver info: io.appium.java_client.android.AndroidDriver">
      <![CDATA[org.openqa.selenium.SessionNotCreatedException: A new session could not be created. Details: Problem getting session data for driver type AndroidDriver; does it implement 'get driverData'? (WARNING: The server did not provide any stacktrace information)
Command duration or timeout: 129 milliseconds
Build info: version: '2.53.1', revision: 'a36b8b1cd5757287168e54b817830adce9b0158d', time: '2016-06-30 19:26:09'
System info: host: 'WIN-MPNKU54F1BB', ip: '10.19.3.10', os.name: 'Windows 10', os.arch: 'amd64', os.version: '10.0', java.version: '1.8.0_121'
Driver info: io.appium.java_client.android.AndroidDriver
	at sun.reflect.NativeConstructorAccessorImpl.newInstance0(Native Method)
	at sun.reflect.NativeConstructorAccessorImpl.newInstance(Unknown Source)
	at sun.reflect.DelegatingConstructorAccessorImpl.newInstance(Unknown Source)
	at java.lang.reflect.Constructor.newInstance(Unknown Source)
	at org.openqa.selenium.remote.ErrorHandler.createThrowable(ErrorHandler.java:206)
	at org.openqa.selenium.remote.ErrorHandler.throwIfResponseFailed(ErrorHandler.java:158)
	at org.openqa.selenium.remote.RemoteWebDriver.execute(RemoteWebDriver.java:678)
	at io.appium.java_client.DefaultGenericMobileDriver.execute(DefaultGenericMobileDriver.java:40)
	at io.appium.java_client.AppiumDriver.execute(AppiumDriver.java:1)
	at io.appium.java_client.android.AndroidDriver.execute(AndroidDriver.java:1)
	at org.openqa.selenium.remote.RemoteWebDriver.startSession(RemoteWebDriver.java:249)
	at org.openqa.selenium.remote.RemoteWebDriver.<init>(RemoteWebDriver.java:131)
	at org.openqa.selenium.remote.RemoteWebDriver.<init>(RemoteWebDriver.java:144)
	at io.appium.java_client.DefaultGenericMobileDriver.<init>(DefaultGenericMobileDriver.java:36)
	at io.appium.java_client.AppiumDriver.<init>(AppiumDriver.java:114)
	at io.appium.java_client.AppiumDriver.<init>(AppiumDriver.java:132)
	at io.appium.java_client.android.AndroidDriver.<init>(AndroidDriver.java:92)
	at com.qihoo.browser.test.main.PerformanceTest.beforeClass(PerformanceTest.java:292)
	at sun.reflect.NativeMethodAccessorImpl.invoke0(Native Method)
	at sun.reflect.NativeMethodAccessorImpl.invoke(Unknown Source)
	at sun.reflect.DelegatingMethodAccessorImpl.invoke(Unknown Source)
	at java.lang.reflect.Method.invoke(Unknown Source)
	at org.testng.internal.MethodInvocationHelper.invokeMethod(MethodInvocationHelper.java:85)
	at org.testng.internal.Invoker.invokeConfigurationMethod(Invoker.java:510)
	at org.testng.internal.Invoker.invokeConfigurations(Invoker.java:211)
	at org.testng.internal.Invoker.invokeConfigurations(Invoker.java:138)
	at org.testng.internal.TestMethodWorker.invokeBeforeClassMethods(TestMethodWorker.java:170)
	at org.testng.internal.TestMethodWorker.run(TestMethodWorker.java:104)
	at org.testng.TestRunner.privateRun(TestRunner.java:774)
	at org.testng.TestRunner.run(TestRunner.java:624)
	at org.testng.SuiteRunner.runTest(SuiteRunner.java:359)
	at org.testng.SuiteRunner.runSequentially(SuiteRunner.java:354)
	at org.testng.SuiteRunner.privateRun(SuiteRunner.java:312)
	at org.testng.SuiteRunner.run(SuiteRunner.java:261)
	at org.testng.SuiteRunnerWorker.runSuite(SuiteRunnerWorker.java:52)
	at org.testng.SuiteRunnerWorker.run(SuiteRunnerWorker.java:86)
	at org.testng.TestNG.runSuitesSequentially(TestNG.java:1191)
	at org.testng.TestNG.runSuitesLocally(TestNG.java:1116)
	at org.testng.TestNG.run(TestNG.java:1024)
	at org.testng.remote.RemoteTestNG.run(RemoteTestNG.java:112)
	at org.testng.remote.RemoteTestNG.initAndRun(RemoteTestNG.java:205)
	at org.testng.remote.RemoteTestNG.main(RemoteTestNG.java:176)
]]>
    </error>
  </testcase> <!-- case4 -->
  <testcase name="case7" time="0.000" classname="com.qihoo.browser.test.main.PerformanceTest">
    <error type="org.openqa.selenium.SessionNotCreatedException" message="A new session could not be created. Details: Problem getting session data for driver type AndroidDriver; does it implement &#039;get driverData&#039;? (WARNING: The server did not provide any stacktrace information)
Command duration or timeout: 129 milliseconds
Build info: version: &#039;2.53.1&#039;, revision: &#039;a36b8b1cd5757287168e54b817830adce9b0158d&#039;, time: &#039;2016-06-30 19:26:09&#039;
System info: host: &#039;WIN-MPNKU54F1BB&#039;, ip: &#039;10.19.3.10&#039;, os.name: &#039;Windows 10&#039;, os.arch: &#039;amd64&#039;, os.version: &#039;10.0&#039;, java.version: &#039;1.8.0_121&#039;
Driver info: io.appium.java_client.android.AndroidDriver">
      <![CDATA[org.openqa.selenium.SessionNotCreatedException: A new session could not be created. Details: Problem getting session data for driver type AndroidDriver; does it implement 'get driverData'? (WARNING: The server did not provide any stacktrace information)
Command duration or timeout: 129 milliseconds
Build info: version: '2.53.1', revision: 'a36b8b1cd5757287168e54b817830adce9b0158d', time: '2016-06-30 19:26:09'
System info: host: 'WIN-MPNKU54F1BB', ip: '10.19.3.10', os.name: 'Windows 10', os.arch: 'amd64', os.version: '10.0', java.version: '1.8.0_121'
Driver info: io.appium.java_client.android.AndroidDriver
	at sun.reflect.NativeConstructorAccessorImpl.newInstance0(Native Method)
	at sun.reflect.NativeConstructorAccessorImpl.newInstance(Unknown Source)
	at sun.reflect.DelegatingConstructorAccessorImpl.newInstance(Unknown Source)
	at java.lang.reflect.Constructor.newInstance(Unknown Source)
	at org.openqa.selenium.remote.ErrorHandler.createThrowable(ErrorHandler.java:206)
	at org.openqa.selenium.remote.ErrorHandler.throwIfResponseFailed(ErrorHandler.java:158)
	at org.openqa.selenium.remote.RemoteWebDriver.execute(RemoteWebDriver.java:678)
	at io.appium.java_client.DefaultGenericMobileDriver.execute(DefaultGenericMobileDriver.java:40)
	at io.appium.java_client.AppiumDriver.execute(AppiumDriver.java:1)
	at io.appium.java_client.android.AndroidDriver.execute(AndroidDriver.java:1)
	at org.openqa.selenium.remote.RemoteWebDriver.startSession(RemoteWebDriver.java:249)
	at org.openqa.selenium.remote.RemoteWebDriver.<init>(RemoteWebDriver.java:131)
	at org.openqa.selenium.remote.RemoteWebDriver.<init>(RemoteWebDriver.java:144)
	at io.appium.java_client.DefaultGenericMobileDriver.<init>(DefaultGenericMobileDriver.java:36)
	at io.appium.java_client.AppiumDriver.<init>(AppiumDriver.java:114)
	at io.appium.java_client.AppiumDriver.<init>(AppiumDriver.java:132)
	at io.appium.java_client.android.AndroidDriver.<init>(AndroidDriver.java:92)
	at com.qihoo.browser.test.main.PerformanceTest.beforeClass(PerformanceTest.java:292)
	at sun.reflect.NativeMethodAccessorImpl.invoke0(Native Method)
	at sun.reflect.NativeMethodAccessorImpl.invoke(Unknown Source)
	at sun.reflect.DelegatingMethodAccessorImpl.invoke(Unknown Source)
	at java.lang.reflect.Method.invoke(Unknown Source)
	at org.testng.internal.MethodInvocationHelper.invokeMethod(MethodInvocationHelper.java:85)
	at org.testng.internal.Invoker.invokeConfigurationMethod(Invoker.java:510)
	at org.testng.internal.Invoker.invokeConfigurations(Invoker.java:211)
	at org.testng.internal.Invoker.invokeConfigurations(Invoker.java:138)
	at org.testng.internal.TestMethodWorker.invokeBeforeClassMethods(TestMethodWorker.java:170)
	at org.testng.internal.TestMethodWorker.run(TestMethodWorker.java:104)
	at org.testng.TestRunner.privateRun(TestRunner.java:774)
	at org.testng.TestRunner.run(TestRunner.java:624)
	at org.testng.SuiteRunner.runTest(SuiteRunner.java:359)
	at org.testng.SuiteRunner.runSequentially(SuiteRunner.java:354)
	at org.testng.SuiteRunner.privateRun(SuiteRunner.java:312)
	at org.testng.SuiteRunner.run(SuiteRunner.java:261)
	at org.testng.SuiteRunnerWorker.runSuite(SuiteRunnerWorker.java:52)
	at org.testng.SuiteRunnerWorker.run(SuiteRunnerWorker.java:86)
	at org.testng.TestNG.runSuitesSequentially(TestNG.java:1191)
	at org.testng.TestNG.runSuitesLocally(TestNG.java:1116)
	at org.testng.TestNG.run(TestNG.java:1024)
	at org.testng.remote.RemoteTestNG.run(RemoteTestNG.java:112)
	at org.testng.remote.RemoteTestNG.initAndRun(RemoteTestNG.java:205)
	at org.testng.remote.RemoteTestNG.main(RemoteTestNG.java:176)
]]>
    </error>
  </testcase> <!-- case7 -->
  <testcase name="case6" time="0.001" classname="com.qihoo.browser.test.main.PerformanceTest">
    <error type="org.openqa.selenium.SessionNotCreatedException" message="A new session could not be created. Details: Problem getting session data for driver type AndroidDriver; does it implement &#039;get driverData&#039;? (WARNING: The server did not provide any stacktrace information)
Command duration or timeout: 129 milliseconds
Build info: version: &#039;2.53.1&#039;, revision: &#039;a36b8b1cd5757287168e54b817830adce9b0158d&#039;, time: &#039;2016-06-30 19:26:09&#039;
System info: host: &#039;WIN-MPNKU54F1BB&#039;, ip: &#039;10.19.3.10&#039;, os.name: &#039;Windows 10&#039;, os.arch: &#039;amd64&#039;, os.version: &#039;10.0&#039;, java.version: &#039;1.8.0_121&#039;
Driver info: io.appium.java_client.android.AndroidDriver">
      <![CDATA[org.openqa.selenium.SessionNotCreatedException: A new session could not be created. Details: Problem getting session data for driver type AndroidDriver; does it implement 'get driverData'? (WARNING: The server did not provide any stacktrace information)
Command duration or timeout: 129 milliseconds
Build info: version: '2.53.1', revision: 'a36b8b1cd5757287168e54b817830adce9b0158d', time: '2016-06-30 19:26:09'
System info: host: 'WIN-MPNKU54F1BB', ip: '10.19.3.10', os.name: 'Windows 10', os.arch: 'amd64', os.version: '10.0', java.version: '1.8.0_121'
Driver info: io.appium.java_client.android.AndroidDriver
	at sun.reflect.NativeConstructorAccessorImpl.newInstance0(Native Method)
	at sun.reflect.NativeConstructorAccessorImpl.newInstance(Unknown Source)
	at sun.reflect.DelegatingConstructorAccessorImpl.newInstance(Unknown Source)
	at java.lang.reflect.Constructor.newInstance(Unknown Source)
	at org.openqa.selenium.remote.ErrorHandler.createThrowable(ErrorHandler.java:206)
	at org.openqa.selenium.remote.ErrorHandler.throwIfResponseFailed(ErrorHandler.java:158)
	at org.openqa.selenium.remote.RemoteWebDriver.execute(RemoteWebDriver.java:678)
	at io.appium.java_client.DefaultGenericMobileDriver.execute(DefaultGenericMobileDriver.java:40)
	at io.appium.java_client.AppiumDriver.execute(AppiumDriver.java:1)
	at io.appium.java_client.android.AndroidDriver.execute(AndroidDriver.java:1)
	at org.openqa.selenium.remote.RemoteWebDriver.startSession(RemoteWebDriver.java:249)
	at org.openqa.selenium.remote.RemoteWebDriver.<init>(RemoteWebDriver.java:131)
	at org.openqa.selenium.remote.RemoteWebDriver.<init>(RemoteWebDriver.java:144)
	at io.appium.java_client.DefaultGenericMobileDriver.<init>(DefaultGenericMobileDriver.java:36)
	at io.appium.java_client.AppiumDriver.<init>(AppiumDriver.java:114)
	at io.appium.java_client.AppiumDriver.<init>(AppiumDriver.java:132)
	at io.appium.java_client.android.AndroidDriver.<init>(AndroidDriver.java:92)
	at com.qihoo.browser.test.main.PerformanceTest.beforeClass(PerformanceTest.java:292)
	at sun.reflect.NativeMethodAccessorImpl.invoke0(Native Method)
	at sun.reflect.NativeMethodAccessorImpl.invoke(Unknown Source)
	at sun.reflect.DelegatingMethodAccessorImpl.invoke(Unknown Source)
	at java.lang.reflect.Method.invoke(Unknown Source)
	at org.testng.internal.MethodInvocationHelper.invokeMethod(MethodInvocationHelper.java:85)
	at org.testng.internal.Invoker.invokeConfigurationMethod(Invoker.java:510)
	at org.testng.internal.Invoker.invokeConfigurations(Invoker.java:211)
	at org.testng.internal.Invoker.invokeConfigurations(Invoker.java:138)
	at org.testng.internal.TestMethodWorker.invokeBeforeClassMethods(TestMethodWorker.java:170)
	at org.testng.internal.TestMethodWorker.run(TestMethodWorker.java:104)
	at org.testng.TestRunner.privateRun(TestRunner.java:774)
	at org.testng.TestRunner.run(TestRunner.java:624)
	at org.testng.SuiteRunner.runTest(SuiteRunner.java:359)
	at org.testng.SuiteRunner.runSequentially(SuiteRunner.java:354)
	at org.testng.SuiteRunner.privateRun(SuiteRunner.java:312)
	at org.testng.SuiteRunner.run(SuiteRunner.java:261)
	at org.testng.SuiteRunnerWorker.runSuite(SuiteRunnerWorker.java:52)
	at org.testng.SuiteRunnerWorker.run(SuiteRunnerWorker.java:86)
	at org.testng.TestNG.runSuitesSequentially(TestNG.java:1191)
	at org.testng.TestNG.runSuitesLocally(TestNG.java:1116)
	at org.testng.TestNG.run(TestNG.java:1024)
	at org.testng.remote.RemoteTestNG.run(RemoteTestNG.java:112)
	at org.testng.remote.RemoteTestNG.initAndRun(RemoteTestNG.java:205)
	at org.testng.remote.RemoteTestNG.main(RemoteTestNG.java:176)
]]>
    </error>
  </testcase> <!-- case6 -->
  <testcase name="case8" time="0.000" classname="com.qihoo.browser.test.main.PerformanceTest">
    <error type="org.openqa.selenium.SessionNotCreatedException" message="A new session could not be created. Details: Problem getting session data for driver type AndroidDriver; does it implement &#039;get driverData&#039;? (WARNING: The server did not provide any stacktrace information)
Command duration or timeout: 129 milliseconds
Build info: version: &#039;2.53.1&#039;, revision: &#039;a36b8b1cd5757287168e54b817830adce9b0158d&#039;, time: &#039;2016-06-30 19:26:09&#039;
System info: host: &#039;WIN-MPNKU54F1BB&#039;, ip: &#039;10.19.3.10&#039;, os.name: &#039;Windows 10&#039;, os.arch: &#039;amd64&#039;, os.version: &#039;10.0&#039;, java.version: &#039;1.8.0_121&#039;
Driver info: io.appium.java_client.android.AndroidDriver">
      <![CDATA[org.openqa.selenium.SessionNotCreatedException: A new session could not be created. Details: Problem getting session data for driver type AndroidDriver; does it implement 'get driverData'? (WARNING: The server did not provide any stacktrace information)
Command duration or timeout: 129 milliseconds
Build info: version: '2.53.1', revision: 'a36b8b1cd5757287168e54b817830adce9b0158d', time: '2016-06-30 19:26:09'
System info: host: 'WIN-MPNKU54F1BB', ip: '10.19.3.10', os.name: 'Windows 10', os.arch: 'amd64', os.version: '10.0', java.version: '1.8.0_121'
Driver info: io.appium.java_client.android.AndroidDriver
	at sun.reflect.NativeConstructorAccessorImpl.newInstance0(Native Method)
	at sun.reflect.NativeConstructorAccessorImpl.newInstance(Unknown Source)
	at sun.reflect.DelegatingConstructorAccessorImpl.newInstance(Unknown Source)
	at java.lang.reflect.Constructor.newInstance(Unknown Source)
	at org.openqa.selenium.remote.ErrorHandler.createThrowable(ErrorHandler.java:206)
	at org.openqa.selenium.remote.ErrorHandler.throwIfResponseFailed(ErrorHandler.java:158)
	at org.openqa.selenium.remote.RemoteWebDriver.execute(RemoteWebDriver.java:678)
	at io.appium.java_client.DefaultGenericMobileDriver.execute(DefaultGenericMobileDriver.java:40)
	at io.appium.java_client.AppiumDriver.execute(AppiumDriver.java:1)
	at io.appium.java_client.android.AndroidDriver.execute(AndroidDriver.java:1)
	at org.openqa.selenium.remote.RemoteWebDriver.startSession(RemoteWebDriver.java:249)
	at org.openqa.selenium.remote.RemoteWebDriver.<init>(RemoteWebDriver.java:131)
	at org.openqa.selenium.remote.RemoteWebDriver.<init>(RemoteWebDriver.java:144)
	at io.appium.java_client.DefaultGenericMobileDriver.<init>(DefaultGenericMobileDriver.java:36)
	at io.appium.java_client.AppiumDriver.<init>(AppiumDriver.java:114)
	at io.appium.java_client.AppiumDriver.<init>(AppiumDriver.java:132)
	at io.appium.java_client.android.AndroidDriver.<init>(AndroidDriver.java:92)
	at com.qihoo.browser.test.main.PerformanceTest.beforeClass(PerformanceTest.java:292)
	at sun.reflect.NativeMethodAccessorImpl.invoke0(Native Method)
	at sun.reflect.NativeMethodAccessorImpl.invoke(Unknown Source)
	at sun.reflect.DelegatingMethodAccessorImpl.invoke(Unknown Source)
	at java.lang.reflect.Method.invoke(Unknown Source)
	at org.testng.internal.MethodInvocationHelper.invokeMethod(MethodInvocationHelper.java:85)
	at org.testng.internal.Invoker.invokeConfigurationMethod(Invoker.java:510)
	at org.testng.internal.Invoker.invokeConfigurations(Invoker.java:211)
	at org.testng.internal.Invoker.invokeConfigurations(Invoker.java:138)
	at org.testng.internal.TestMethodWorker.invokeBeforeClassMethods(TestMethodWorker.java:170)
	at org.testng.internal.TestMethodWorker.run(TestMethodWorker.java:104)
	at org.testng.TestRunner.privateRun(TestRunner.java:774)
	at org.testng.TestRunner.run(TestRunner.java:624)
	at org.testng.SuiteRunner.runTest(SuiteRunner.java:359)
	at org.testng.SuiteRunner.runSequentially(SuiteRunner.java:354)
	at org.testng.SuiteRunner.privateRun(SuiteRunner.java:312)
	at org.testng.SuiteRunner.run(SuiteRunner.java:261)
	at org.testng.SuiteRunnerWorker.runSuite(SuiteRunnerWorker.java:52)
	at org.testng.SuiteRunnerWorker.run(SuiteRunnerWorker.java:86)
	at org.testng.TestNG.runSuitesSequentially(TestNG.java:1191)
	at org.testng.TestNG.runSuitesLocally(TestNG.java:1116)
	at org.testng.TestNG.run(TestNG.java:1024)
	at org.testng.remote.RemoteTestNG.run(RemoteTestNG.java:112)
	at org.testng.remote.RemoteTestNG.initAndRun(RemoteTestNG.java:205)
	at org.testng.remote.RemoteTestNG.main(RemoteTestNG.java:176)
]]>
    </error>
  </testcase> <!-- case8 -->
</testsuite> <!-- com.qihoo.browser.test.main.PerformanceTest -->
