<?xml version="1.0" encoding="UTF-8"?>
<!-- Generated by org.testng.reporters.JUnitReportReporter -->
<testsuite hostname="WIN-MPNKU54F1BB" name="com.qihoo.browser.test.yuxuguang.NewTest" tests="10" failures="0" timestamp="30 Mar 2017 12:41:34 GMT" time="625.695" errors="0">
  <testcase name="case2" time="39.453" classname="com.qihoo.browser.test.yuxuguang.NewTest"/>
  <testcase name="case3" time="48.393" classname="com.qihoo.browser.test.yuxuguang.NewTest"/>
  <testcase name="case2" time="40.086" classname="com.qihoo.browser.test.yuxuguang.NewTest"/>
  <testcase name="case3" time="42.867" classname="com.qihoo.browser.test.yuxuguang.NewTest"/>
  <testcase name="case4" time="127.586" classname="com.qihoo.browser.test.yuxuguang.NewTest"/>
  <testcase name="case1" time="45.283" classname="com.qihoo.browser.test.yuxuguang.NewTest"/>
  <testcase name="case2" time="41.918" classname="com.qihoo.browser.test.yuxuguang.NewTest"/>
  <testcase name="case1" time="45.289" classname="com.qihoo.browser.test.yuxuguang.NewTest"/>
  <testcase name="case4" time="149.486" classname="com.qihoo.browser.test.yuxuguang.NewTest"/>
  <testcase name="case1" time="45.334" classname="com.qihoo.browser.test.yuxuguang.NewTest"/>
</testsuite> <!-- com.qihoo.browser.test.yuxuguang.NewTest -->
